c:\users\dell\documents\progra-2\segundo examen\objetobaseyiteradores\x64\debug\vc143.pdb
c:\users\dell\documents\progra-2\segundo examen\objetobaseyiteradores\x64\debug\vc143.idb
c:\users\dell\documents\progra-2\segundo examen\objetobaseyiteradores\x64\debug\base.obj
c:\users\dell\documents\progra-2\segundo examen\objetobaseyiteradores\x64\debug\adaptador.obj
c:\users\dell\documents\progra-2\segundo examen\objetobaseyiteradores\x64\debug\iteradorlista.obj
c:\users\dell\documents\progra-2\segundo examen\objetobaseyiteradores\x64\debug\iteradorarreglo.obj
c:\users\dell\documents\progra-2\segundo examen\objetobaseyiteradores\x64\debug\coleccionarreglo.obj
c:\users\dell\documents\progra-2\segundo examen\objetobaseyiteradores\x64\debug\nodo.obj
c:\users\dell\documents\progra-2\segundo examen\objetobaseyiteradores\x64\debug\coleccionlista.obj
c:\users\dell\documents\progra-2\segundo examen\objetobaseyiteradores\x64\debug\persona.obj
c:\users\dell\documents\progra-2\segundo examen\objetobaseyiteradores\x64\debug\main.obj
c:\users\dell\documents\progra-2\segundo examen\objetobaseyiteradores\x64\debug\objetobaseyiteradores.exe
c:\users\dell\documents\progra-2\segundo examen\objetobaseyiteradores\x64\debug\objetobaseyiteradores.ilk
c:\users\dell\documents\progra-2\segundo examen\objetobaseyiteradores\x64\debug\objetobaseyiteradores.pdb
c:\users\dell\documents\progra-2\segundo examen\objetobaseyiteradores\x64\debug\objetoba.ae934a2b.tlog\cl.command.1.tlog
c:\users\dell\documents\progra-2\segundo examen\objetobaseyiteradores\x64\debug\objetoba.ae934a2b.tlog\cl.read.1.tlog
c:\users\dell\documents\progra-2\segundo examen\objetobaseyiteradores\x64\debug\objetoba.ae934a2b.tlog\cl.write.1.tlog
c:\users\dell\documents\progra-2\segundo examen\objetobaseyiteradores\x64\debug\objetoba.ae934a2b.tlog\link.command.1.tlog
c:\users\dell\documents\progra-2\segundo examen\objetobaseyiteradores\x64\debug\objetoba.ae934a2b.tlog\link.read.1.tlog
c:\users\dell\documents\progra-2\segundo examen\objetobaseyiteradores\x64\debug\objetoba.ae934a2b.tlog\link.write.1.tlog
